
INFO [2024-01-01T11:51:52.025Z]: Set User: priyanshuqpwp@gmail.com
INFO [2024-01-01T11:51:52.026Z]: {"Telemetry":true}
INFO [2024-01-01T11:51:52.992Z]: extension_initialized
INFO [2024-01-01T11:51:52.992Z]: {"timeToInit":3513,"agent":"cosine-vscode","version":"1.1.2","package":"@cosine/analytics"}
INFO [2024-01-01T12:00:53.828Z]: Set User: priyanshuqpwp@gmail.com
INFO [2024-01-01T12:00:53.829Z]: {"Telemetry":true}
INFO [2024-01-01T12:00:54.820Z]: extension_initialized
INFO [2024-01-01T12:00:54.821Z]: {"timeToInit":4993,"agent":"cosine-vscode","version":"1.1.2","package":"@cosine/analytics"}
INFO [2024-01-01T12:00:59.334Z]: project_languages
INFO [2024-01-01T12:00:59.335Z]: {"languages":["JavaScript","JSON"],"agent":"cosine-vscode","version":"1.1.2","package":"@cosine/analytics"}
INFO [2024-01-01T12:01:01.297Z]: project_initialize_start
INFO [2024-01-01T12:01:01.298Z]: {"name":"weather-app-server","languages":["Markdown","JSON","JavaScript"],"ignored":["!.vscode/*.code-snippets","!.vscode/extensions.json","!.vscode/launch.json","!.vscode/settings.json","!.vscode/tasks.json","$RECYCLE.BIN/","*.cab","*.lcov","*.lnk","*.log","*.msi","*.msix","*.msm","*.msp","*.pid","*.pid.lock","*.seed","*.stackdump","*.tgz","*.tsbuildinfo","*.vsix","*~",".AppleDB",".AppleDesktop",".AppleDouble",".DS_Store",".DocumentRevisions-V100",".LSOverride",".Spotlight-V100",".TemporaryItems",".Trash-*",".Trashes",".VolumeIcon.icns","._*",".apdisk",".cache",".cache/",".changeset",".com.apple.timemachine.donotpresent",".cosine",".devcontainer",".directory",".docusaurus",".dynamodb/",".env",".env.development.local",".env.local",".env.production.local",".env.test.local",".eslintcache",".expo",".expo-settings",".expo-shared",".fseventsd",".fuse_hidden*",".fusebox/",".git",".github",".gitsecret",".grunt",".history/",".husky",".idea",".lock-wscript",".next",".nfs*",".node_repl_history",".npm",".nuxt",".nyc_output",".parcel-cache",".pnp",".pnp.*",".pnp.js",".pnpm-debug.log*",".rpt2_cache/",".rts2_cache_cjs/",".rts2_cache_es/",".rts2_cache_umd/",".serverless/",".storybook",".stylelintcache",".temp",".tern-port",".turbo",".versionbot",".vs",".vscode-test",".vscode/*",".vuepress/dist",".yarn",".yarn-integrity",".yarn/build-state.yml",".yarn/cache",".yarn/install-state.gz",".yarn/unplugged",".yarnrc","Icon","Network Trash Folder","Temporary Items","Thumbs.db","Thumbs.db:encryptable","[Dd]esktop.ini","_generated","bower_components","build","build/Release","coverage","dist","ehthumbs.db","ehthumbs_vista.db","jspm_packages/","lerna-debug.log*","lib-cov","logs","node_modules/","npm-debug.log*","out","package-lock.json","pids","report.[0-9]*.[0-9]*.[0-9]*.[0-9]*.json","web_modules/","yarn-debug.log*","yarn-error.log*","yarn.lock"],"agent":"cosine-vscode","version":"1.1.2","package":"@cosine/analytics"}
INFO [2024-01-01T12:01:06.569Z]: project_initialize_failure
INFO [2024-01-01T12:01:06.569Z]: {"name":"weather-app-server","languages":["Markdown","JSON","JavaScript"],"ignored":["!.vscode/*.code-snippets","!.vscode/extensions.json","!.vscode/launch.json","!.vscode/settings.json","!.vscode/tasks.json","$RECYCLE.BIN/","*.cab","*.lcov","*.lnk","*.log","*.msi","*.msix","*.msm","*.msp","*.pid","*.pid.lock","*.seed","*.stackdump","*.tgz","*.tsbuildinfo","*.vsix","*~",".AppleDB",".AppleDesktop",".AppleDouble",".DS_Store",".DocumentRevisions-V100",".LSOverride",".Spotlight-V100",".TemporaryItems",".Trash-*",".Trashes",".VolumeIcon.icns","._*",".apdisk",".cache",".cache/",".changeset",".com.apple.timemachine.donotpresent",".cosine",".devcontainer",".directory",".docusaurus",".dynamodb/",".env",".env.development.local",".env.local",".env.production.local",".env.test.local",".eslintcache",".expo",".expo-settings",".expo-shared",".fseventsd",".fuse_hidden*",".fusebox/",".git",".github",".gitsecret",".grunt",".history/",".husky",".idea",".lock-wscript",".next",".nfs*",".node_repl_history",".npm",".nuxt",".nyc_output",".parcel-cache",".pnp",".pnp.*",".pnp.js",".pnpm-debug.log*",".rpt2_cache/",".rts2_cache_cjs/",".rts2_cache_es/",".rts2_cache_umd/",".serverless/",".storybook",".stylelintcache",".temp",".tern-port",".turbo",".versionbot",".vs",".vscode-test",".vscode/*",".vuepress/dist",".yarn",".yarn-integrity",".yarn/build-state.yml",".yarn/cache",".yarn/install-state.gz",".yarn/unplugged",".yarnrc","Icon","Network Trash Folder","Temporary Items","Thumbs.db","Thumbs.db:encryptable","[Dd]esktop.ini","_generated","bower_components","build","build/Release","coverage","dist","ehthumbs.db","ehthumbs_vista.db","jspm_packages/","lerna-debug.log*","lib-cov","logs","node_modules/","npm-debug.log*","out","package-lock.json","pids","report.[0-9]*.[0-9]*.[0-9]*.[0-9]*.json","web_modules/","yarn-debug.log*","yarn-error.log*","yarn.lock"],"agent":"cosine-vscode","version":"1.1.2","package":"@cosine/analytics"}
INFO [2024-01-01T12:01:10.009Z]: project_initialize_start
INFO [2024-01-01T12:01:10.010Z]: {"agent":"cosine-vscode","version":"1.1.2","package":"@cosine/analytics"}
INFO [2024-01-01T12:01:10.954Z]: project_initialize_failure
INFO [2024-01-01T12:01:10.954Z]: {"agent":"cosine-vscode","version":"1.1.2","package":"@cosine/analytics"}
INFO [2024-01-01T12:01:11.742Z]: project_initialize_start
INFO [2024-01-01T12:01:11.743Z]: {"agent":"cosine-vscode","version":"1.1.2","package":"@cosine/analytics"}
INFO [2024-01-01T12:01:13.047Z]: project_initialize_failure
INFO [2024-01-01T12:01:13.048Z]: {"agent":"cosine-vscode","version":"1.1.2","package":"@cosine/analytics"}
INFO [2024-01-01T12:01:21.165Z]: project_languages
INFO [2024-01-01T12:01:21.165Z]: {"languages":["JavaScript"],"agent":"cosine-vscode","version":"1.1.2","package":"@cosine/analytics"}
INFO [2024-01-01T12:01:22.835Z]: project_initialize_start
INFO [2024-01-01T12:01:22.835Z]: {"name":"weather-app-server","languages":["JSON","Markdown","JavaScript"],"ignored":["!.vscode/*.code-snippets","!.vscode/extensions.json","!.vscode/launch.json","!.vscode/settings.json","!.vscode/tasks.json","$RECYCLE.BIN/","*.cab","*.lcov","*.lnk","*.log","*.msi","*.msix","*.msm","*.msp","*.pid","*.pid.lock","*.seed","*.stackdump","*.tgz","*.tsbuildinfo","*.vsix","*~",".AppleDB",".AppleDesktop",".AppleDouble",".DS_Store",".DocumentRevisions-V100",".LSOverride",".Spotlight-V100",".TemporaryItems",".Trash-*",".Trashes",".VolumeIcon.icns","._*",".apdisk",".cache",".cache/",".changeset",".com.apple.timemachine.donotpresent",".cosine",".devcontainer",".directory",".docusaurus",".dynamodb/",".env",".env.development.local",".env.local",".env.production.local",".env.test.local",".eslintcache",".expo",".expo-settings",".expo-shared",".fseventsd",".fuse_hidden*",".fusebox/",".git",".github",".gitsecret",".grunt",".history/",".husky",".idea",".lock-wscript",".next",".nfs*",".node_repl_history",".npm",".nuxt",".nyc_output",".parcel-cache",".pnp",".pnp.*",".pnp.js",".pnpm-debug.log*",".rpt2_cache/",".rts2_cache_cjs/",".rts2_cache_es/",".rts2_cache_umd/",".serverless/",".storybook",".stylelintcache",".temp",".tern-port",".turbo",".versionbot",".vs",".vscode-test",".vscode/*",".vuepress/dist",".yarn",".yarn-integrity",".yarn/build-state.yml",".yarn/cache",".yarn/install-state.gz",".yarn/unplugged",".yarnrc","Icon","Network Trash Folder","Temporary Items","Thumbs.db","Thumbs.db:encryptable","[Dd]esktop.ini","_generated","bower_components","build","build/Release","coverage","dist","ehthumbs.db","ehthumbs_vista.db","jspm_packages/","lerna-debug.log*","lib-cov","logs","node_modules/","npm-debug.log*","out","package-lock.json","pids","report.[0-9]*.[0-9]*.[0-9]*.[0-9]*.json","web_modules/","yarn-debug.log*","yarn-error.log*","yarn.lock"],"agent":"cosine-vscode","version":"1.1.2","package":"@cosine/analytics"}
INFO [2024-01-01T12:01:23.786Z]: project_initialize_failure
INFO [2024-01-01T12:01:23.786Z]: {"name":"weather-app-server","languages":["JSON","Markdown","JavaScript"],"ignored":["!.vscode/*.code-snippets","!.vscode/extensions.json","!.vscode/launch.json","!.vscode/settings.json","!.vscode/tasks.json","$RECYCLE.BIN/","*.cab","*.lcov","*.lnk","*.log","*.msi","*.msix","*.msm","*.msp","*.pid","*.pid.lock","*.seed","*.stackdump","*.tgz","*.tsbuildinfo","*.vsix","*~",".AppleDB",".AppleDesktop",".AppleDouble",".DS_Store",".DocumentRevisions-V100",".LSOverride",".Spotlight-V100",".TemporaryItems",".Trash-*",".Trashes",".VolumeIcon.icns","._*",".apdisk",".cache",".cache/",".changeset",".com.apple.timemachine.donotpresent",".cosine",".devcontainer",".directory",".docusaurus",".dynamodb/",".env",".env.development.local",".env.local",".env.production.local",".env.test.local",".eslintcache",".expo",".expo-settings",".expo-shared",".fseventsd",".fuse_hidden*",".fusebox/",".git",".github",".gitsecret",".grunt",".history/",".husky",".idea",".lock-wscript",".next",".nfs*",".node_repl_history",".npm",".nuxt",".nyc_output",".parcel-cache",".pnp",".pnp.*",".pnp.js",".pnpm-debug.log*",".rpt2_cache/",".rts2_cache_cjs/",".rts2_cache_es/",".rts2_cache_umd/",".serverless/",".storybook",".stylelintcache",".temp",".tern-port",".turbo",".versionbot",".vs",".vscode-test",".vscode/*",".vuepress/dist",".yarn",".yarn-integrity",".yarn/build-state.yml",".yarn/cache",".yarn/install-state.gz",".yarn/unplugged",".yarnrc","Icon","Network Trash Folder","Temporary Items","Thumbs.db","Thumbs.db:encryptable","[Dd]esktop.ini","_generated","bower_components","build","build/Release","coverage","dist","ehthumbs.db","ehthumbs_vista.db","jspm_packages/","lerna-debug.log*","lib-cov","logs","node_modules/","npm-debug.log*","out","package-lock.json","pids","report.[0-9]*.[0-9]*.[0-9]*.[0-9]*.json","web_modules/","yarn-debug.log*","yarn-error.log*","yarn.lock"],"agent":"cosine-vscode","version":"1.1.2","package":"@cosine/analytics"}
INFO [2024-01-01T12:01:25.704Z]: project_initialize_start
INFO [2024-01-01T12:01:25.704Z]: {"agent":"cosine-vscode","version":"1.1.2","package":"@cosine/analytics"}
INFO [2024-01-01T12:01:26.972Z]: project_initialize_failure
INFO [2024-01-01T12:01:26.973Z]: {"agent":"cosine-vscode","version":"1.1.2","package":"@cosine/analytics"}
INFO [2024-01-01T12:01:29.508Z]: project_initialize_start
INFO [2024-01-01T12:01:29.509Z]: {"agent":"cosine-vscode","version":"1.1.2","package":"@cosine/analytics"}
INFO [2024-01-01T12:01:30.470Z]: project_initialize_failure
INFO [2024-01-01T12:01:30.471Z]: {"agent":"cosine-vscode","version":"1.1.2","package":"@cosine/analytics"}
INFO [2024-01-01T12:01:54.545Z]: Set User: priyanshuqpwp@gmail.com
INFO [2024-01-01T12:01:54.546Z]: {"Telemetry":true}
INFO [2024-01-02T09:50:31.951Z]: Set User: priyanshuqpwp@gmail.com
INFO [2024-01-02T09:50:31.952Z]: {"Telemetry":true}